2022-04-26 15:05:54,178 [INFO] sqlalchemy.engine.Engine: BEGIN (implicit)
2022-04-26 15:05:54,179 [INFO] sqlalchemy.engine.Engine: PRAGMA main.table_info("songs")
2022-04-26 15:05:54,179 [INFO] sqlalchemy.engine.Engine: [raw sql] ()
2022-04-26 15:05:54,183 [INFO] sqlalchemy.engine.Engine: PRAGMA main.table_info("users")
2022-04-26 15:05:54,183 [INFO] sqlalchemy.engine.Engine: [raw sql] ()
2022-04-26 15:05:54,185 [INFO] sqlalchemy.engine.Engine: COMMIT
2022-04-26 15:09:20,981 [INFO] sqlalchemy.engine.Engine: BEGIN (implicit)
2022-04-26 15:09:20,981 [INFO] sqlalchemy.engine.Engine: PRAGMA main.table_info("songs")
2022-04-26 15:09:20,984 [INFO] sqlalchemy.engine.Engine: [raw sql] ()
2022-04-26 15:09:20,989 [INFO] sqlalchemy.engine.Engine: PRAGMA main.table_info("users")
2022-04-26 15:09:20,989 [INFO] sqlalchemy.engine.Engine: [raw sql] ()
2022-04-26 15:09:20,992 [INFO] sqlalchemy.engine.Engine: COMMIT
2022-04-26 15:10:04,148 [INFO] sqlalchemy.engine.Engine: BEGIN (implicit)
2022-04-26 15:10:04,148 [INFO] sqlalchemy.engine.Engine: PRAGMA main.table_info("songs")
2022-04-26 15:10:04,149 [INFO] sqlalchemy.engine.Engine: [raw sql] ()
2022-04-26 15:10:04,152 [INFO] sqlalchemy.engine.Engine: PRAGMA main.table_info("users")
2022-04-26 15:10:04,153 [INFO] sqlalchemy.engine.Engine: [raw sql] ()
2022-04-26 15:10:04,154 [INFO] sqlalchemy.engine.Engine: COMMIT
2022-04-26 15:10:54,971 [INFO] sqlalchemy.engine.Engine: BEGIN (implicit)
2022-04-26 15:10:54,972 [INFO] sqlalchemy.engine.Engine: PRAGMA main.table_info("songs")
2022-04-26 15:10:54,973 [INFO] sqlalchemy.engine.Engine: [raw sql] ()
2022-04-26 15:10:54,977 [INFO] sqlalchemy.engine.Engine: PRAGMA main.table_info("users")
2022-04-26 15:10:54,978 [INFO] sqlalchemy.engine.Engine: [raw sql] ()
2022-04-26 15:10:54,980 [INFO] sqlalchemy.engine.Engine: COMMIT
2022-04-26 15:13:54,133 [INFO] sqlalchemy.engine.Engine: BEGIN (implicit)
2022-04-26 15:13:54,135 [INFO] sqlalchemy.engine.Engine: PRAGMA main.table_info("songs")
2022-04-26 15:13:54,136 [INFO] sqlalchemy.engine.Engine: [raw sql] ()
2022-04-26 15:13:54,148 [INFO] sqlalchemy.engine.Engine: PRAGMA main.table_info("users")
2022-04-26 15:13:54,149 [INFO] sqlalchemy.engine.Engine: [raw sql] ()
2022-04-26 15:13:54,161 [INFO] sqlalchemy.engine.Engine: COMMIT
2022-04-26 15:14:15,497 [INFO] sqlalchemy.engine.Engine: BEGIN (implicit)
2022-04-26 15:14:15,499 [INFO] sqlalchemy.engine.Engine: PRAGMA main.table_info("songs")
2022-04-26 15:14:15,500 [INFO] sqlalchemy.engine.Engine: [raw sql] ()
2022-04-26 15:14:15,517 [INFO] sqlalchemy.engine.Engine: PRAGMA main.table_info("users")
2022-04-26 15:14:15,518 [INFO] sqlalchemy.engine.Engine: [raw sql] ()
2022-04-26 15:14:15,527 [INFO] sqlalchemy.engine.Engine: COMMIT
2022-04-26 15:28:31,411 [INFO] sqlalchemy.engine.Engine: BEGIN (implicit)
2022-04-26 15:28:31,430 [INFO] sqlalchemy.engine.Engine: SELECT users.is_active AS users_is_active, users.id AS users_id, users.email AS users_email, users.password AS users_password, users.about AS users_about, users.authenticated AS users_authenticated, users.registered_on AS users_registered_on, users.is_admin AS users_is_admin 
FROM users 
WHERE users.id = ?
2022-04-26 15:28:31,431 [INFO] sqlalchemy.engine.Engine: [generated in 0.00169s] (1,)
2022-04-26 15:28:34,545 [INFO] sqlalchemy.engine.Engine: ROLLBACK
2022-04-26 15:28:34,558 [INFO] sqlalchemy.engine.Engine: BEGIN (implicit)
2022-04-26 15:28:34,559 [INFO] sqlalchemy.engine.Engine: SELECT users.is_active AS users_is_active, users.id AS users_id, users.email AS users_email, users.password AS users_password, users.about AS users_about, users.authenticated AS users_authenticated, users.registered_on AS users_registered_on, users.is_admin AS users_is_admin 
FROM users 
WHERE users.id = ?
2022-04-26 15:28:34,560 [INFO] sqlalchemy.engine.Engine: [cached since 3.131s ago] (1,)
